2025-04-13 16:56:56 DEBUG TelegramBot:31 - Message(messageId=6, from=User(id=306983632, firstName=Сергей, isBot=false, lastName=Лощилов, userName=Au16180, languageCode=ru, canJoinGroups=null, canReadAllGroupMessages=null, supportInlineQueries=null), date=1744552616, chat=Chat(id=306983632, type=private, title=null, firstName=Сергей, lastName=Лощилов, userName=Au16180, photo=null, description=null, inviteLink=null, pinnedMessage=null, stickerSetName=null, canSetStickerSet=null, permissions=null, slowModeDelay=null, bio=null, linkedChatId=null, location=null, messageAutoDeleteTime=null, hasPrivateForwards=null, HasProtectedContent=null), forwardFrom=null, forwardFromChat=null, forwardDate=null, text=привет, entities=null, captionEntities=null, audio=null, document=null, photo=null, sticker=null, video=null, contact=null, location=null, venue=null, animation=null, pinnedMessage=null, newChatMembers=[], leftChatMember=null, newChatTitle=null, newChatPhoto=null, deleteChatPhoto=null, groupchatCreated=null, replyToMessage=null, voice=null, caption=null, superGroupCreated=null, channelChatCreated=null, migrateToChatId=null, migrateFromChatId=null, editDate=null, game=null, forwardFromMessageId=null, invoice=null, successfulPayment=null, videoNote=null, authorSignature=null, forwardSignature=null, mediaGroupId=null, connectedWebsite=null, passportData=null, forwardSenderName=null, poll=null, replyMarkup=null, dice=null, viaBot=null, senderChat=null, proximityAlertTriggered=null, messageAutoDeleteTimerChanged=null, isAutomaticForward=null, hasProtectedContent=null, webAppData=null, videoChatStarted=null, videoChatEnded=null, videoChatParticipantsInvited=null, videoChatScheduled=null)
2025-04-13 16:58:00 DEBUG TelegramBot:31 - Наш
2025-04-13 17:04:22 DEBUG TelegramBot:32 - re
2025-04-13 17:09:49 DEBUG TelegramBot:34 - good
2025-04-13 18:17:15 DEBUG TelegramBot:34 - привет
2025-04-13 21:38:15 DEBUG TelegramBot:34 - test
2025-04-14 20:40:26 DEBUG UpdateProducerImpl:14 - Привет
2025-04-14 20:41:15 DEBUG UpdateProducerImpl:14 - а сейчас
2025-04-14 20:41:38 DEBUG UpdateProducerImpl:14 - boom
2025-04-14 20:42:06 DEBUG UpdateProducerImpl:14 - бам
2025-04-14 20:42:50 DEBUG UpdateProducerImpl:14 - 
2025-04-14 20:43:04 DEBUG UpdateProducerImpl:14 - 
2025-04-14 20:43:07 DEBUG UpdateProducerImpl:14 - 
2025-04-14 20:52:23 DEBUG UpdateProducerImpl:14 - non
2025-04-14 20:53:49 DEBUG UpdateProducerImpl:14 - lol
2025-04-14 20:54:09 DEBUG UpdateProducerImpl:14 - boom
2025-04-15 21:01:11 DEBUG UpdateProducerImpl:21 - Hello1
2025-04-20 16:03:21 DEBUG UpdateProducerImpl:21 - Hello from Telegram
2025-04-20 16:05:54 DEBUG UpdateProducerImpl:21 - Hello from Telegram
2025-04-20 16:08:26 DEBUG UpdateProducerImpl:21 - Hello from Telegram 3
2025-04-20 16:08:55 DEBUG UpdateProducerImpl:21 - Hello from Telegram 4
2025-04-20 16:16:12 DEBUG UpdateProducerImpl:21 - Hello from Telegram 5
2025-04-22 21:44:32 DEBUG UpdateProducerImpl:21 - Hello from Telegram 6
2025-04-22 21:46:54 DEBUG UpdateProducerImpl:21 - Hello from Telegram 7
2025-04-23 21:16:28 DEBUG UpdateProducerImpl:21 - Hello from Telegram 8
2025-04-23 21:27:35 DEBUG UpdateProducerImpl:21 - Hello from Telegram 9
2025-04-23 22:20:27 DEBUG UpdateProducerImpl:21 - Hello from Telegram 10
2025-04-23 22:21:00 DEBUG UpdateProducerImpl:21 - Hello from Telegram 11
2025-04-24 20:58:21 DEBUG UpdateProducerImpl:21 - Hello from Telegram 12
2025-04-24 21:31:06 DEBUG UpdateProducerImpl:21 - Hello from Telegram 13
2025-04-24 22:45:12 DEBUG UpdateProducerImpl:21 - Hello from Telegram 14
2025-04-24 22:46:41 DEBUG UpdateProducerImpl:21 - /start
2025-04-24 22:47:05 DEBUG UpdateProducerImpl:21 - hello
2025-04-26 21:27:14 DEBUG UpdateProducerImpl:21 - Hello from Telegram 15
2025-04-27 18:50:12 ERROR UpdateController:37 - Unsupported message type Update(updateId=418499125, message=null, inlineQuery=null, chosenInlineQuery=null, callbackQuery=null, editedMessage=null, channelPost=null, editedChannelPost=null, shippingQuery=null, preCheckoutQuery=null, poll=null, pollAnswer=null, myChatMember=ChatMemberUpdated(chat=Chat(id=306983632, type=private, title=null, firstName=Сергей, lastName=Лощилов, userName=Au16180, photo=null, description=null, inviteLink=null, pinnedMessage=null, stickerSetName=null, canSetStickerSet=null, permissions=null, slowModeDelay=null, bio=null, linkedChatId=null, location=null, messageAutoDeleteTime=null, hasPrivateForwards=null, HasProtectedContent=null, joinToSendMessages=null, joinByRequest=null), from=User(id=306983632, firstName=Сергей, isBot=false, lastName=Лощилов, userName=Au16180, languageCode=ru, canJoinGroups=null, canReadAllGroupMessages=null, supportInlineQueries=null, isPremium=null, addedToAttachmentMenu=null), date=1745769007, oldChatMember=ChatMemberMember(status=member, user=User(id=7230250193, firstName=FileManager, isBot=true, lastName=null, userName=best_file_manager_bot, languageCode=null, canJoinGroups=null, canReadAllGroupMessages=null, supportInlineQueries=null, isPremium=null, addedToAttachmentMenu=null)), newChatMember=ChatMemberBanned(status=kicked, user=User(id=7230250193, firstName=FileManager, isBot=true, lastName=null, userName=best_file_manager_bot, languageCode=null, canJoinGroups=null, canReadAllGroupMessages=null, supportInlineQueries=null, isPremium=null, addedToAttachmentMenu=null), untilDate=0), inviteLink=null), chatMember=null, chatJoinRequest=null)
2025-04-27 18:50:13 ERROR UpdateController:37 - Unsupported message type Update(updateId=418499126, message=null, inlineQuery=null, chosenInlineQuery=null, callbackQuery=null, editedMessage=null, channelPost=null, editedChannelPost=null, shippingQuery=null, preCheckoutQuery=null, poll=null, pollAnswer=null, myChatMember=ChatMemberUpdated(chat=Chat(id=306983632, type=private, title=null, firstName=Сергей, lastName=Лощилов, userName=Au16180, photo=null, description=null, inviteLink=null, pinnedMessage=null, stickerSetName=null, canSetStickerSet=null, permissions=null, slowModeDelay=null, bio=null, linkedChatId=null, location=null, messageAutoDeleteTime=null, hasPrivateForwards=null, HasProtectedContent=null, joinToSendMessages=null, joinByRequest=null), from=User(id=306983632, firstName=Сергей, isBot=false, lastName=Лощилов, userName=Au16180, languageCode=ru, canJoinGroups=null, canReadAllGroupMessages=null, supportInlineQueries=null, isPremium=null, addedToAttachmentMenu=null), date=1745769009, oldChatMember=ChatMemberBanned(status=kicked, user=User(id=7230250193, firstName=FileManager, isBot=true, lastName=null, userName=best_file_manager_bot, languageCode=null, canJoinGroups=null, canReadAllGroupMessages=null, supportInlineQueries=null, isPremium=null, addedToAttachmentMenu=null), untilDate=0), newChatMember=ChatMemberMember(status=member, user=User(id=7230250193, firstName=FileManager, isBot=true, lastName=null, userName=best_file_manager_bot, languageCode=null, canJoinGroups=null, canReadAllGroupMessages=null, supportInlineQueries=null, isPremium=null, addedToAttachmentMenu=null)), inviteLink=null), chatMember=null, chatJoinRequest=null)
2025-04-27 18:50:13 DEBUG UpdateProducerImpl:21 - /start
2025-04-27 18:50:22 DEBUG UpdateProducerImpl:21 - /help
2025-04-27 18:50:28 DEBUG UpdateProducerImpl:21 - /registration
2025-04-27 18:50:32 DEBUG UpdateProducerImpl:21 - /cancel
2025-04-27 18:50:56 DEBUG UpdateProducerImpl:21 - /achto
